0 verbose cli C:\Program Files\nodejs\node.exe C:\Users\csgow\AppData\Roaming\npm\node_modules\npm\bin\npm-cli.js
1 info using npm@10.8.3
2 info using node@v18.18.0
3 silly config load:file:C:\Users\csgow\AppData\Roaming\npm\node_modules\npm\npmrc
4 silly config load:file:D:\ZenClass\Capstone\news-alert-system-backend\.npmrc
5 silly config load:file:C:\Users\csgow\.npmrc
6 silly config load:file:C:\Users\csgow\AppData\Roaming\npm\etc\npmrc
7 verbose title npm run de
8 verbose argv "run" "de"
9 verbose logfile logs-max:10 dir:D:\ZenClass\Capstone\news-alert-system-backend\$PWD\.npm-cache\_logs\2024-10-15T11_31_48_130Z-
10 verbose logfile D:\ZenClass\Capstone\news-alert-system-backend\$PWD\.npm-cache\_logs\2024-10-15T11_31_48_130Z-debug-0.log
11 silly logfile start cleaning logs, removing 2 files
12 verbose stack Error: Missing script: "de"
12 verbose stack
12 verbose stack To see a list of scripts, run:
12 verbose stack   npm run
12 verbose stack     at #run (C:\Users\csgow\AppData\Roaming\npm\node_modules\npm\lib\commands\run-script.js:110:13)
12 verbose stack     at async RunScript.exec (C:\Users\csgow\AppData\Roaming\npm\node_modules\npm\lib\commands\run-script.js:39:7)
12 verbose stack     at async Npm.exec (C:\Users\csgow\AppData\Roaming\npm\node_modules\npm\lib\npm.js:207:9)
12 verbose stack     at async module.exports (C:\Users\csgow\AppData\Roaming\npm\node_modules\npm\lib\cli\entry.js:74:5)
13 error Missing script: "de"
13 error
13 error To see a list of scripts, run:
13 error   npm run
14 verbose cwd D:\ZenClass\Capstone\news-alert-system-backend
15 verbose os Windows_NT 10.0.22631
16 verbose node v18.18.0
17 verbose npm  v10.8.3
18 verbose exit 1
19 verbose code 1
20 error A complete log of this run can be found in: D:\ZenClass\Capstone\news-alert-system-backend\$PWD\.npm-cache\_logs\2024-10-15T11_31_48_130Z-debug-0.log
