0 verbose cli C:\Program Files\nodejs\node.exe C:\Program Files\nodejs\node_modules\npm\bin\npm-cli.js
1 info using npm@9.8.1
2 info using node@v18.18.0
3 timing npm:load:whichnode Completed in 49ms
4 timing config:load:defaults Completed in 25ms
5 timing config:load:file:C:\Program Files\nodejs\node_modules\npm\npmrc Completed in 30ms
6 timing config:load:builtin Completed in 30ms
7 timing config:load:cli Completed in 8ms
8 timing config:load:env Completed in 2ms
9 timing config:load:project Completed in 5ms
10 timing config:load:file:C:\Users\csgow\.npmrc Completed in 12ms
11 timing config:load:user Completed in 12ms
12 timing config:load:file:C:\Users\csgow\AppData\Roaming\npm\etc\npmrc Completed in 8ms
13 timing config:load:global Completed in 9ms
14 timing config:load:setEnvs Completed in 2ms
15 timing config:load Completed in 94ms
16 timing npm:load:configload Completed in 95ms
17 timing config:load:flatten Completed in 19ms
18 timing npm:load:mkdirpcache Completed in 9ms
19 timing npm:load:mkdirplogs Completed in 8ms
20 verbose title npm prefix
21 verbose argv "prefix" "--global"
22 timing npm:load:setTitle Completed in 37ms
23 timing npm:load:display Completed in 2ms
24 verbose logfile logs-max:10 dir:D:\ZenClass\Capstone\news-alert-system-backend\$PWD\.npm-cache\_logs\2024-10-16T03_59_24_999Z-
25 verbose logfile D:\ZenClass\Capstone\news-alert-system-backend\$PWD\.npm-cache\_logs\2024-10-16T03_59_24_999Z-debug-0.log
26 timing npm:load:logFile Completed in 61ms
27 timing npm:load:timers Completed in 0ms
28 timing npm:load:configScope Completed in 0ms
29 timing npm:load Completed in 462ms
30 timing command:prefix Completed in 4ms
31 verbose exit 0
32 timing npm Completed in 858ms
33 info ok
